e:\game_login\lib\cryptlib\win32_debug_vc7\sha512impl.obj
e:\game_login\lib\cryptlib\win32_debug_vc7\sha512.obj
e:\game_login\lib\cryptlib\win32_debug_vc7\vc100.pdb
e:\game_login\lib\cryptlib\win32_vc7\cryptlibd.lib
e:\game_login\lib\cryptlib\win32_debug_vc7\vc120.pdb
e:\game_login\lib\cryptlib\win32_debug_vc7\vc120.idb
e:\game_login\lib\cryptlib\win32_debug_vc7\cl.command.1.tlog
e:\game_login\lib\cryptlib\win32_debug_vc7\cl.read.1.tlog
e:\game_login\lib\cryptlib\win32_debug_vc7\cl.write.1.tlog
e:\game_login\lib\cryptlib\win32_debug_vc7\cryptlib.write.1.tlog
e:\game_login\lib\cryptlib\win32_debug_vc7\lib-link.read.1.tlog
e:\game_login\lib\cryptlib\win32_debug_vc7\lib-link.write.1.tlog
e:\game_login\lib\cryptlib\win32_debug_vc7\lib.command.1.tlog
e:\game_login\lib\cryptlib\win32_debug_vc7\vc100.idb
e:\game_login\lib\cryptlib\win32_debug_vc7\cryptlib.tlog\cl.command.1.tlog
e:\game_login\lib\cryptlib\win32_debug_vc7\cryptlib.tlog\cl.read.1.tlog
e:\game_login\lib\cryptlib\win32_debug_vc7\cryptlib.tlog\cl.write.1.tlog
e:\game_login\lib\cryptlib\win32_debug_vc7\cryptlib.tlog\lib-link.read.1.tlog
e:\game_login\lib\cryptlib\win32_debug_vc7\cryptlib.tlog\lib-link.write.1.tlog
e:\game_login\lib\cryptlib\win32_debug_vc7\cryptlib.tlog\lib.command.1.tlog
